<?xml version="1.0" encoding="UTF-8"?>
<!-- Generated by org.testng.reporters.JUnitXMLReporter -->
<testsuite hostname="DESKTOP-A1DNB7M" name="Interview&gt;" tests="6" failures="1" timestamp="29 Jan 2018 21:06:30 GMT" time="16.297" errors="0">
  <testcase name="validatingCeramicpage" time="0.016" classname="com.Test.CeramicHomePageTest"/>
  <testcase name="selectProduct" time="3.61" classname="com.Test.CeramicHomePageTest"/>
  <testcase name="validatingProductpageTitle" time="0.951" classname="com.Test.ProductPageTest">
    <failure type="java.lang.AssertionError" message="expected [interview | I&amp;apos;m a product] but found [interview | Product Page]">
      <![CDATA[java.lang.AssertionError: expected [interview | I'm a product] but found [interview | Product Page]
	at com.Test.ProductPageTest.validatingProductpageTitle(ProductPageTest.java:26)
... Removed 29 stack frames]]>
    </failure>
  </testcase> <!-- validatingProductpageTitle -->
  <testcase name="customisedItemSelection" time="1.873" classname="com.Test.ProductPageTest"/>
  <testcase name="cartvalidation" time="2.338" classname="com.Test.CartPageTest"/>
  <testcase name="checkOutMessageValidation" time="1.047" classname="com.Test.CartPageTest"/>
</testsuite> <!-- Interview> -->
